Importer Log Report
Project : esquema.PrjPcb

Section : Analyze Document - F:\PuntaVoltimetro\PULTA LOGICA\PULTA LOGICA\esquema.brd
    Analyzing data of F:\PuntaVoltimetro\PULTA LOGICA\PULTA LOGICA\esquema.brd
    Load settings
    Load layers 124
    Load Library "special"
    Load Packages 1
    Load Library "74xx-us"
    Load Packages 1
    Load Library "rcl"
    Load Packages 2
    Load Library "transistor"
    Load Packages 1
    Load Library "display-nfd"
    Load Packages 1
    Load Library "ic-package"
    Load Packages 1
    Load Library "linear"
    Load Packages 1
    Load Library "diode"
    Load Packages 1
    Load Library "con-wago-508"
    Load Packages 1
EndSection

Section : Analyze Document - F:\PuntaVoltimetro\PULTA LOGICA\PULTA LOGICA\esquema.sch
    Analyzing data of F:\PuntaVoltimetro\PULTA LOGICA\PULTA LOGICA\esquema.sch
    Load settings
    Load layers 124
    Load schematic
    Load Libraries 10
    Load Library "rcl"
    Load Packages 165
    Load Symbols 2
    Load DeviceSets 2
    Load Library "transistor"
    Load Packages 1
    Load Symbols 1
    Load DeviceSets 1
    Load Library "supply1"
    Load Packages 0
    Load Symbols 3
    Load DeviceSets 3
    Load Library "74xx-us"
    Load Packages 3
    Load Symbols 2
    Load DeviceSets 1
    Load Library "special"
    Load Packages 1
    Load Symbols 1
    Load DeviceSets 1
    Load Library "display-nfd"
    Load Packages 1
    Load Symbols 1
    Load DeviceSets 1
    Load Library "ic-package"
    Load Packages 2
    Load Symbols 1
    Load DeviceSets 1
    Load Library "linear"
    Load Packages 5
    Load Symbols 1
    Load DeviceSets 1
    Load Library "diode"
    Load Packages 1
    Load Symbols 1
    Load DeviceSets 1
    Load Library "con-wago-508"
    Load Packages 1
    Load Symbols 2
    Load DeviceSets 1
    Load Attributes 0
    Load Classes 1
    Load Parts 39
    Load Sheets 1
EndSection
